<?xml version="1.0" encoding="UTF-8" ?>
<testsuite errors="0" failures="0" hostname="CadStudio" name="racetrack.UserControllerTests" tests="3" time="6.658" timestamp="2012-09-04T09:02:12">
  <properties />
  <testcase classname="racetrack.UserControllerTests" name="testAuthenticate" time="5.901" />
  <testcase classname="racetrack.UserControllerTests" name="testIndex" time="0.29" />
  <testcase classname="racetrack.UserControllerTests" name="testShow" time="0.388" />
  <system-out><![CDATA[--Output from testAuthenticate--
--Output from testIndex--
--Output from testShow--
]]></system-out>
  <system-err><![CDATA[--Output from testAuthenticate--
--Output from testIndex--
--Output from testShow--
]]></system-err>
</testsuite>
